INFO 2023-11-05 23:40:04,399 Start polling
INFO 2023-11-05 23:40:04,752 Run polling for bot @Posts_buy_bot id=6532487125 - 'Posts_buy'
INFO 2023-11-05 23:40:06,686 Update id=273144736 is handled. Duration 516 ms by bot id=6532487125
INFO 2023-11-05 23:40:08,738 Update id=273144737 is handled. Duration 608 ms by bot id=6532487125
INFO 2023-11-05 23:40:11,861 Update id=273144738 is handled. Duration 858 ms by bot id=6532487125
INFO 2023-11-05 23:40:12,750 Update id=273144739 is handled. Duration 156 ms by bot id=6532487125
INFO 2023-11-05 23:40:14,528 Update id=273144740 is handled. Duration 139 ms by bot id=6532487125
INFO 2023-11-05 23:40:16,098 Update id=273144741 is handled. Duration 296 ms by bot id=6532487125
INFO 2023-11-05 23:40:17,513 post fixing 1
INFO 2023-11-05 23:40:17,801 Update id=273144742 is handled. Duration 280 ms by bot id=6532487125
INFO 2023-11-05 23:40:19,303 Update id=273144743 is handled. Duration 125 ms by bot id=6532487125
INFO 2023-11-05 23:40:22,044 Update id=273144744 is handled. Duration 812 ms by bot id=6532487125
INFO 2023-11-05 23:40:28,759 check_post data: confirm_5191469996
INFO 2023-11-05 23:40:29,100 Update id=273144745 is handled. Duration 358 ms by bot id=6532487125
INFO 2023-11-05 23:40:32,798 Update id=273144746 is handled. Duration 500 ms by bot id=6532487125
INFO 2023-11-05 23:40:34,232 Update id=273144747 is handled. Duration 592 ms by bot id=6532487125
INFO 2023-11-05 23:40:38,536 delete message in checking payment
INFO 2023-11-05 23:40:38,736 Update id=273144748 is handled. Duration 858 ms by bot id=6532487125
INFO 2023-11-05 23:40:42,939 add publication {'id': 3, 'name_channel': 'Городок нефтяников', 'id_user': 5191469996, 'text': 'kjda', 'price_publication': 1650, 'photo': '', 'video': '', 'publication_time': '07/11 20:20', 'fixing': '2023/11/07 02:40', 'message_id': 0}
INFO 2023-11-05 23:40:42,959 add publication {'id': 4, 'name_channel': 'Изумрудный берег', 'id_user': 5191469996, 'text': 'kjda', 'price_publication': 1650, 'photo': '', 'video': '', 'publication_time': '07/11 20:20', 'fixing': '2023/11/07 02:40', 'message_id': 0}
INFO 2023-11-05 23:40:42,975 add publication {'id': 5, 'name_channel': 'Пригородный', 'id_user': 5191469996, 'text': 'kjda', 'price_publication': 1650, 'photo': '', 'video': '', 'publication_time': '07/11 20:20', 'fixing': '2023/11/07 02:40', 'message_id': 0}
INFO 2023-11-05 23:40:42,990 add publication {'id': 6, 'name_channel': 'Серебряный берег', 'id_user': 5191469996, 'text': 'kjda', 'price_publication': 1650, 'photo': '', 'video': '', 'publication_time': '07/11 20:20', 'fixing': '2023/11/07 02:40', 'message_id': 0}
INFO 2023-11-05 23:40:43,004 add publication {'id': 7, 'name_channel': 'Блюхера/Королева', 'id_user': 5191469996, 'text': 'kjda', 'price_publication': 1650, 'photo': '', 'video': '', 'publication_time': '07/11 20:20', 'fixing': '2023/11/07 02:40', 'message_id': 0}
INFO 2023-11-05 23:40:43,017 add publication {'id': 8, 'name_channel': 'гор. Водников', 'id_user': 5191469996, 'text': 'kjda', 'price_publication': 1650, 'photo': '', 'video': '', 'publication_time': '07/11 20:20', 'fixing': '2023/11/07 02:40', 'message_id': 0}
INFO 2023-11-05 23:40:43,030 add publication {'id': 9, 'name_channel': 'Заозерный', 'id_user': 5191469996, 'text': 'kjda', 'price_publication': 1650, 'photo': '', 'video': '', 'publication_time': '07/11 20:20', 'fixing': '2023/11/07 02:40', 'message_id': 0}
INFO 2023-11-05 23:40:43,035 add publication {'id': 10, 'name_channel': 'Заозерный (Бархатовой)', 'id_user': 5191469996, 'text': 'kjda', 'price_publication': 1650, 'photo': '', 'video': '', 'publication_time': '07/11 20:20', 'fixing': '2023/11/07 02:40', 'message_id': 0}
INFO 2023-11-05 23:40:43,055 add publication {'id': 11, 'name_channel': 'Заозерный (Менделеева-Комбинатская)', 'id_user': 5191469996, 'text': 'kjda', 'price_publication': 1650, 'photo': '', 'video': '', 'publication_time': '07/11 20:20', 'fixing': '2023/11/07 02:40', 'message_id': 0}
INFO 2023-11-05 23:40:43,070 add publication {'id': 12, 'name_channel': 'Заозерный (Первомайский ктр)', 'id_user': 5191469996, 'text': 'kjda', 'price_publication': 1650, 'photo': '', 'video': '', 'publication_time': '07/11 20:20', 'fixing': '2023/11/07 02:40', 'message_id': 0}
INFO 2023-11-05 23:40:43,084 add publication {'id': 13, 'name_channel': 'Сибади-Кристалл-Поселковые', 'id_user': 5191469996, 'text': 'kjda', 'price_publication': 1650, 'photo': '', 'video': '', 'publication_time': '07/11 20:20', 'fixing': '2023/11/07 02:40', 'message_id': 0}
INFO 2023-11-05 23:40:43,097 add publication {'id': 14, 'name_channel': 'СИБНИИСХОЗ', 'id_user': 5191469996, 'text': 'kjda', 'price_publication': 1650, 'photo': '', 'video': '', 'publication_time': '07/11 20:20', 'fixing': '2023/11/07 02:40', 'message_id': 0}
INFO 2023-11-05 23:40:43,111 add publication {'id': 15, 'name_channel': 'Юбилейный (лукьяновка)', 'id_user': 5191469996, 'text': 'kjda', 'price_publication': 1650, 'photo': '', 'video': '', 'publication_time': '07/11 20:20', 'fixing': '2023/11/07 02:40', 'message_id': 0}
INFO 2023-11-05 23:40:43,672 Update id=273144749 is handled. Duration 937 ms by bot id=6532487125
INFO 2023-11-05 23:40:47,226 Polling stopped
INFO 2023-11-05 23:40:47,229 Polling stopped for bot @Posts_buy_bot id=6532487125 - 'Posts_buy'
